{
  "RSpec": {
    "coverage": {
      "/Users/cardiganking/turing_work/3mod/projects/lunch_and_learn/lunch_and_learn_be/config/environment.rb": {
        "lines": [
          null,
          1,
          null,
          null,
          1
        ]
      },
      "/Users/cardiganking/turing_work/3mod/projects/lunch_and_learn/lunch_and_learn_be/config/application.rb": {
        "lines": [
          1,
          null,
          1,
          null,
          1,
          1,
          1,
          1,
          1,
          1,
          1,
          1,
          1,
          1,
          null,
          null,
          null,
          null,
          1,
          null,
          1,
          1,
          null,
          1,
          null,
          null,
          null,
          null,
          1,
          null,
          null,
          null,
          null,
          null,
          null,
          null,
          null,
          null,
          null,
          null,
          null,
          1,
          null,
          null
        ]
      },
      "/Users/cardiganking/turing_work/3mod/projects/lunch_and_learn/lunch_and_learn_be/config/boot.rb": {
        "lines": [
          1,
          null,
          1,
          1
        ]
      },
      "/Users/cardiganking/turing_work/3mod/projects/lunch_and_learn/lunch_and_learn_be/config/environments/test.rb": {
        "lines": [
          1,
          null,
          null,
          null,
          null,
          null,
          null,
          1,
          null,
          null,
          null,
          1,
          null,
          null,
          null,
          null,
          null,
          1,
          null,
          null,
          1,
          1,
          null,
          null,
          null,
          null,
          1,
          1,
          1,
          null,
          null,
          1,
          null,
          null,
          1,
          null,
          null,
          1,
          null,
          1,
          null,
          null,
          null,
          null,
          1,
          null,
          null,
          1,
          null,
          null,
          1,
          null,
          null,
          1,
          null,
          null,
          null,
          null,
          null,
          null,
          null,
          null,
          1,
          null
        ]
      },
      "/Users/cardiganking/turing_work/3mod/projects/lunch_and_learn/lunch_and_learn_be/config/initializers/cors.rb": {
        "lines": [
          null,
          null,
          null,
          null,
          null,
          null,
          null,
          null,
          null,
          null,
          null,
          null,
          null,
          null,
          null,
          null
        ]
      },
      "/Users/cardiganking/turing_work/3mod/projects/lunch_and_learn/lunch_and_learn_be/config/initializers/filter_parameter_logging.rb": {
        "lines": [
          null,
          null,
          null,
          null,
          null,
          1,
          null,
          null
        ]
      },
      "/Users/cardiganking/turing_work/3mod/projects/lunch_and_learn/lunch_and_learn_be/config/initializers/inflections.rb": {
        "lines": [
          null,
          null,
          null,
          null,
          null,
          null,
          null,
          null,
          null,
          null,
          null,
          null,
          null,
          null,
          null,
          null
        ]
      },
      "/Users/cardiganking/turing_work/3mod/projects/lunch_and_learn/lunch_and_learn_be/config/routes.rb": {
        "lines": [
          1,
          null,
          null,
          null,
          null,
          1,
          null,
          null,
          null,
          null,
          1,
          1,
          1,
          1,
          1,
          1,
          1,
          1,
          1,
          1,
          null,
          null,
          null,
          null,
          null
        ]
      },
      "/Users/cardiganking/turing_work/3mod/projects/lunch_and_learn/lunch_and_learn_be/spec/facades/learning_resource_spec.rb": {
        "lines": [
          1,
          null,
          1,
          1,
          8,
          8,
          null,
          null,
          1,
          1,
          1,
          null,
          null,
          null,
          null,
          null,
          null,
          null,
          null,
          1,
          1,
          null,
          null,
          null,
          null,
          null,
          null,
          null,
          null,
          1,
          1,
          1,
          1,
          1,
          1,
          1,
          1,
          1,
          null,
          null,
          1,
          1,
          1,
          null,
          null,
          null,
          null,
          null,
          null,
          null,
          null,
          1,
          1,
          null,
          null,
          null,
          null,
          null,
          null,
          null,
          null,
          1,
          1,
          1,
          1,
          1,
          1,
          null,
          null,
          1,
          1,
          1,
          null,
          null,
          null,
          null,
          null,
          null,
          null,
          null,
          1,
          null,
          1,
          1,
          1,
          null,
          null,
          1,
          1,
          1,
          null,
          null,
          null,
          null,
          null,
          null,
          null,
          null,
          1,
          1,
          null,
          null,
          1,
          1,
          1,
          null,
          null,
          null,
          null,
          null,
          null,
          null,
          null,
          1,
          1,
          null,
          null,
          1,
          1,
          1,
          null,
          null,
          null,
          null,
          null,
          null,
          null,
          null,
          1,
          1,
          null,
          null,
          1,
          1,
          null,
          null,
          1,
          1,
          null,
          null,
          null
        ]
      },
      "/Users/cardiganking/turing_work/3mod/projects/lunch_and_learn/lunch_and_learn_be/spec/facades/recipe_facade_spec.rb": {
        "lines": [
          1,
          null,
          1,
          1,
          5,
          5,
          null,
          null,
          1,
          1,
          1,
          null,
          null,
          null,
          null,
          null,
          null,
          null,
          null,
          1,
          1,
          1,
          1,
          1,
          1,
          1,
          1,
          null,
          1,
          1,
          1,
          1,
          1,
          null,
          null,
          1,
          1,
          1,
          null,
          null,
          null,
          null,
          null,
          null,
          null,
          null,
          null,
          1,
          1,
          null,
          null,
          null,
          null,
          null,
          null,
          null,
          null,
          1,
          1,
          1,
          1,
          1,
          1,
          1,
          1,
          null,
          1,
          1,
          1,
          1,
          1,
          null,
          null,
          1,
          1,
          1,
          null,
          null,
          null,
          null,
          null,
          null,
          null,
          null,
          1,
          null,
          1,
          null,
          1,
          1,
          1,
          1,
          1,
          null,
          1,
          1,
          1,
          1,
          1,
          null,
          null,
          1,
          1,
          1,
          null,
          null,
          null,
          null,
          null,
          null,
          null,
          null,
          1,
          null,
          1,
          null,
          null,
          1,
          1,
          null,
          null,
          null
        ]
      },
      "/Users/cardiganking/turing_work/3mod/projects/lunch_and_learn/lunch_and_learn_be/spec/models/favorites_spec.rb": {
        "lines": [
          1,
          null,
          1,
          1,
          2,
          2,
          2,
          2,
          null,
          null
        ]
      },
      "/Users/cardiganking/turing_work/3mod/projects/lunch_and_learn/lunch_and_learn_be/app/models/favorite.rb": {
        "lines": [
          1,
          1,
          1,
          null
        ]
      },
      "/Users/cardiganking/turing_work/3mod/projects/lunch_and_learn/lunch_and_learn_be/app/models/application_record.rb": {
        "lines": [
          1,
          1,
          null
        ]
      },
      "/Users/cardiganking/turing_work/3mod/projects/lunch_and_learn/lunch_and_learn_be/spec/models/user_spec.rb": {
        "lines": [
          1,
          null,
          1,
          1,
          2,
          2,
          2,
          2,
          2,
          null,
          null,
          null
        ]
      },
      "/Users/cardiganking/turing_work/3mod/projects/lunch_and_learn/lunch_and_learn_be/app/models/user.rb": {
        "lines": [
          1,
          1,
          null,
          1,
          1,
          null,
          1,
          null
        ]
      },
      "/Users/cardiganking/turing_work/3mod/projects/lunch_and_learn/lunch_and_learn_be/spec/poros/air_quality_spec.rb": {
        "lines": [
          1,
          null,
          1,
          1,
          1,
          null,
          null,
          null,
          1,
          null,
          1,
          1,
          1,
          1,
          1,
          null,
          null
        ]
      },
      "/Users/cardiganking/turing_work/3mod/projects/lunch_and_learn/lunch_and_learn_be/spec/poros/error_poro_spec.rb": {
        "lines": [
          1,
          null,
          1,
          1,
          1,
          1,
          1,
          1,
          null,
          null
        ]
      },
      "/Users/cardiganking/turing_work/3mod/projects/lunch_and_learn/lunch_and_learn_be/spec/poros/learning_resource_spec.rb": {
        "lines": [
          1,
          null,
          1,
          1,
          1,
          1,
          null,
          null,
          null,
          1,
          null,
          1,
          1,
          null,
          1,
          1,
          1,
          null,
          null,
          null,
          null,
          1,
          null,
          null
        ]
      },
      "/Users/cardiganking/turing_work/3mod/projects/lunch_and_learn/lunch_and_learn_be/spec/poros/recipe_spec.rb": {
        "lines": [
          1,
          null,
          1,
          1,
          null,
          1,
          1,
          null,
          null,
          null,
          null,
          null,
          null,
          1,
          1,
          1,
          1,
          1,
          1,
          1,
          null,
          null
        ]
      },
      "/Users/cardiganking/turing_work/3mod/projects/lunch_and_learn/lunch_and_learn_be/spec/requests/api/v1/air_quality/air_quality_spec.rb": {
        "lines": [
          1,
          null,
          1,
          1,
          null,
          1,
          1,
          null,
          null,
          null,
          null,
          null,
          null,
          null,
          null,
          1,
          1,
          null,
          null,
          null,
          null,
          null,
          null,
          null,
          null,
          1,
          1,
          1,
          1,
          null,
          1,
          1,
          1,
          1,
          1,
          1,
          1,
          null,
          null,
          1,
          1,
          1,
          null,
          null,
          null,
          null,
          null,
          null,
          null,
          null,
          1,
          1,
          null,
          null,
          null,
          null,
          null,
          null,
          null,
          null,
          1,
          1,
          1,
          1,
          1,
          1,
          1,
          1,
          1,
          1,
          1,
          null,
          null
        ]
      },
      "/Users/cardiganking/turing_work/3mod/projects/lunch_and_learn/lunch_and_learn_be/spec/requests/api/v1/favorites/create_spec.rb": {
        "lines": [
          1,
          null,
          1,
          1,
          1,
          null,
          null,
          1,
          null,
          null,
          null,
          null,
          1,
          null,
          1,
          null,
          1,
          1,
          1,
          null,
          null,
          1,
          1,
          null,
          null,
          1,
          null,
          null,
          null,
          null,
          1,
          null,
          1,
          null,
          1,
          1,
          1,
          1,
          1,
          null,
          null
        ]
      },
      "/Users/cardiganking/turing_work/3mod/projects/lunch_and_learn/lunch_and_learn_be/spec/requests/api/v1/favorites/delete_spec.rb": {
        "lines": [
          1,
          null,
          1,
          1,
          2,
          2,
          2,
          2,
          null,
          null,
          1,
          null,
          null,
          1,
          null,
          null,
          null,
          1,
          null,
          1,
          1,
          1,
          1,
          null,
          null,
          null,
          1,
          null,
          1,
          null,
          null,
          null,
          1,
          null,
          1,
          1,
          1,
          1,
          1,
          null,
          null,
          null,
          1,
          1,
          null,
          null,
          null
        ]
      },
      "/Users/cardiganking/turing_work/3mod/projects/lunch_and_learn/lunch_and_learn_be/spec/requests/api/v1/favorites/index_spec.rb": {
        "lines": [
          1,
          null,
          1,
          1,
          2,
          2,
          2,
          2,
          null,
          null,
          1,
          null,
          1,
          1,
          null,
          1,
          1,
          null,
          1,
          1,
          1,
          1,
          1,
          1,
          1,
          1,
          1,
          null,
          null,
          1,
          1,
          1,
          1,
          1,
          null,
          null,
          null
        ]
      },
      "/Users/cardiganking/turing_work/3mod/projects/lunch_and_learn/lunch_and_learn_be/spec/requests/api/v1/learning_resources/learning_resources_index_spec.rb": {
        "lines": [
          1,
          null,
          1,
          1,
          1,
          1,
          null,
          null,
          null,
          null,
          null,
          null,
          null,
          null,
          1,
          1,
          null,
          null,
          null,
          null,
          null,
          null,
          null,
          null,
          1,
          1,
          1,
          1,
          1,
          1,
          1,
          1,
          1,
          1,
          1,
          1,
          1,
          null,
          null,
          1,
          1,
          1,
          null,
          null,
          null,
          null,
          null,
          null,
          null,
          null,
          1,
          1,
          null,
          null,
          null,
          null,
          null,
          null,
          null,
          null,
          1,
          null,
          1,
          1,
          1,
          1,
          1,
          1,
          1,
          1,
          1,
          null,
          null
        ]
      },
      "/Users/cardiganking/turing_work/3mod/projects/lunch_and_learn/lunch_and_learn_be/spec/requests/api/v1/recipes/recipes_index_spec.rb": {
        "lines": [
          1,
          null,
          1,
          1,
          null,
          1,
          1,
          null,
          null,
          null,
          null,
          null,
          null,
          null,
          null,
          1,
          null,
          1,
          null,
          1,
          1,
          1,
          1,
          1,
          1,
          1,
          1,
          1,
          1,
          1,
          1,
          1,
          null,
          null,
          1,
          null,
          1,
          1,
          null,
          null,
          null,
          null,
          null,
          null,
          null,
          null,
          1,
          1,
          null,
          null,
          null,
          null,
          null,
          null,
          null,
          null,
          1,
          1,
          null,
          1,
          1,
          1,
          1,
          1,
          1,
          1,
          1,
          1,
          1,
          1,
          1,
          1,
          null,
          null,
          null,
          1,
          null,
          1,
          1,
          null,
          null,
          null,
          null,
          null,
          null,
          null,
          null,
          1,
          null,
          1,
          1,
          null,
          null
        ]
      },
      "/Users/cardiganking/turing_work/3mod/projects/lunch_and_learn/lunch_and_learn_be/spec/requests/api/v1/registration/registration_spec.rb": {
        "lines": [
          1,
          null,
          1,
          1,
          null,
          null,
          1,
          null,
          null,
          null,
          null,
          null,
          1,
          null,
          1,
          1,
          1,
          1,
          1,
          1,
          1,
          1,
          1,
          1,
          1,
          null,
          null,
          1,
          null,
          1,
          null,
          null,
          null,
          null,
          1,
          null,
          1,
          1,
          1,
          1,
          1,
          null,
          null,
          1,
          null,
          1,
          null,
          null,
          null,
          null,
          null,
          1,
          1,
          null,
          null,
          1,
          null,
          null,
          null,
          null,
          1,
          null,
          1,
          1,
          1,
          1,
          1,
          null,
          null,
          null
        ]
      },
      "/Users/cardiganking/turing_work/3mod/projects/lunch_and_learn/lunch_and_learn_be/spec/requests/api/v1/sessions/sessions_spec.rb": {
        "lines": [
          1,
          null,
          1,
          1,
          null,
          1,
          null,
          1,
          null,
          null,
          null,
          1,
          1,
          1,
          1,
          1,
          1,
          1,
          1,
          1,
          1,
          1,
          null,
          null,
          1,
          1,
          null,
          1,
          null,
          null,
          null,
          1,
          1,
          1,
          1,
          1,
          1,
          null,
          null,
          null,
          1,
          1,
          null,
          1,
          null,
          null,
          null,
          1,
          1,
          1,
          1,
          1,
          1,
          null,
          null
        ]
      },
      "/Users/cardiganking/turing_work/3mod/projects/lunch_and_learn/lunch_and_learn_be/spec/serializers/air_quality_serializer_spec.rb": {
        "lines": [
          1,
          null,
          1,
          1,
          null,
          1,
          null,
          null,
          null,
          1,
          1,
          1,
          null,
          null
        ]
      },
      "/Users/cardiganking/turing_work/3mod/projects/lunch_and_learn/lunch_and_learn_be/spec/serializers/error_serializer_spec.rb": {
        "lines": [
          1,
          null,
          1,
          1,
          1,
          1,
          1,
          null,
          null
        ]
      },
      "/Users/cardiganking/turing_work/3mod/projects/lunch_and_learn/lunch_and_learn_be/spec/services/country_service_spec.rb": {
        "lines": [
          1,
          null,
          1,
          1,
          1,
          1,
          null,
          null,
          null,
          null,
          null,
          null,
          null,
          null,
          1,
          1,
          1,
          null,
          null,
          1,
          1,
          1,
          null,
          null,
          null,
          null,
          null,
          null,
          null,
          null,
          1,
          1,
          1,
          1,
          1,
          1,
          null,
          1,
          1,
          1,
          null,
          null,
          null
        ]
      },
      "/Users/cardiganking/turing_work/3mod/projects/lunch_and_learn/lunch_and_learn_be/spec/services/learning_image_service_spec.rb": {
        "lines": [
          1,
          null,
          1,
          1,
          null,
          1,
          1,
          null,
          null,
          null,
          null,
          null,
          null,
          null,
          null,
          1,
          1,
          null,
          1,
          1,
          1,
          1,
          1,
          1,
          1,
          1,
          null,
          null
        ]
      },
      "/Users/cardiganking/turing_work/3mod/projects/lunch_and_learn/lunch_and_learn_be/spec/services/learning_video_spec.rb": {
        "lines": [
          1,
          null,
          1,
          1,
          1,
          1,
          null,
          null,
          null,
          null,
          null,
          null,
          null,
          null,
          1,
          1,
          null,
          1,
          1,
          1,
          1,
          null,
          null
        ]
      },
      "/Users/cardiganking/turing_work/3mod/projects/lunch_and_learn/lunch_and_learn_be/spec/services/recipe_service_spec.rb": {
        "lines": [
          1,
          null,
          1,
          1,
          null,
          1,
          1,
          null,
          null,
          null,
          null,
          null,
          null,
          null,
          null,
          1,
          1,
          null,
          1,
          1,
          1,
          1,
          1,
          1,
          null,
          null,
          null
        ]
      },
      "/Users/cardiganking/turing_work/3mod/projects/lunch_and_learn/lunch_and_learn_be/app/facades/air_quality_facade.rb": {
        "lines": [
          1,
          null,
          1,
          7,
          null,
          null,
          1,
          5,
          null,
          null,
          1,
          5,
          null,
          null,
          1,
          3,
          null,
          null,
          1,
          4,
          null,
          null,
          1,
          4,
          null,
          null,
          null
        ]
      },
      "/Users/cardiganking/turing_work/3mod/projects/lunch_and_learn/lunch_and_learn_be/app/services/country_service.rb": {
        "lines": [
          1,
          null,
          1,
          9,
          null,
          null,
          null,
          1,
          9,
          9,
          null,
          null,
          1,
          4,
          null,
          null,
          1,
          5,
          null,
          null,
          null
        ]
      },
      "/Users/cardiganking/turing_work/3mod/projects/lunch_and_learn/lunch_and_learn_be/app/services/air_quality_service.rb": {
        "lines": [
          1,
          null,
          1,
          4,
          4,
          null,
          null,
          null,
          1,
          4,
          4,
          null,
          null,
          1,
          4,
          null,
          null,
          null
        ]
      },
      "/Users/cardiganking/turing_work/3mod/projects/lunch_and_learn/lunch_and_learn_be/app/poros/air_quality.rb": {
        "lines": [
          1,
          1,
          null,
          null,
          null,
          null,
          1,
          5,
          5,
          5,
          5,
          null,
          null,
          1,
          null,
          1,
          5,
          null,
          null,
          null
        ]
      },
      "/Users/cardiganking/turing_work/3mod/projects/lunch_and_learn/lunch_and_learn_be/app/facades/learning_facade.rb": {
        "lines": [
          1,
          null,
          1,
          18,
          null,
          null,
          1,
          7,
          null,
          null,
          1,
          7,
          null,
          null,
          1,
          4,
          null,
          null,
          1,
          6,
          6,
          30,
          30,
          30,
          30,
          null,
          6,
          null,
          null,
          1,
          6,
          6,
          6,
          3,
          3,
          3,
          null,
          3,
          null,
          null,
          null,
          null
        ]
      },
      "/Users/cardiganking/turing_work/3mod/projects/lunch_and_learn/lunch_and_learn_be/app/poros/learning_resource.rb": {
        "lines": [
          1,
          1,
          null,
          null,
          null,
          null,
          1,
          5,
          5,
          5,
          5,
          null,
          null,
          null,
          null,
          null,
          null,
          null,
          null,
          null,
          null
        ]
      },
      "/Users/cardiganking/turing_work/3mod/projects/lunch_and_learn/lunch_and_learn_be/app/services/learning_video_service.rb": {
        "lines": [
          1,
          null,
          1,
          7,
          7,
          7,
          7,
          7,
          null,
          null,
          null,
          1,
          7,
          7,
          null,
          null,
          1,
          7,
          null,
          null,
          null
        ]
      },
      "/Users/cardiganking/turing_work/3mod/projects/lunch_and_learn/lunch_and_learn_be/app/services/learning_image_service.rb": {
        "lines": [
          1,
          null,
          1,
          7,
          7,
          7,
          7,
          null,
          null,
          null,
          1,
          7,
          7,
          null,
          null,
          1,
          7,
          null,
          null,
          null
        ]
      },
      "/Users/cardiganking/turing_work/3mod/projects/lunch_and_learn/lunch_and_learn_be/app/facades/recipe_facade.rb": {
        "lines": [
          1,
          null,
          1,
          13,
          13,
          null,
          null,
          1,
          7,
          null,
          null,
          1,
          5,
          null,
          null,
          1,
          6,
          92,
          null,
          null,
          null,
          1,
          3,
          3,
          3,
          null,
          3,
          null,
          null,
          null
        ]
      },
      "/Users/cardiganking/turing_work/3mod/projects/lunch_and_learn/lunch_and_learn_be/app/services/recipe_service.rb": {
        "lines": [
          1,
          null,
          1,
          7,
          7,
          7,
          7,
          null,
          null,
          null,
          1,
          7,
          7,
          null,
          null,
          1,
          7,
          null,
          null,
          null
        ]
      },
      "/Users/cardiganking/turing_work/3mod/projects/lunch_and_learn/lunch_and_learn_be/app/poros/recipe.rb": {
        "lines": [
          1,
          1,
          null,
          null,
          null,
          null,
          null,
          1,
          93,
          93,
          93,
          93,
          93,
          null,
          null
        ]
      },
      "/Users/cardiganking/turing_work/3mod/projects/lunch_and_learn/lunch_and_learn_be/app/poros/error.rb": {
        "lines": [
          1,
          1,
          null,
          1,
          9,
          9,
          null,
          null
        ]
      },
      "/Users/cardiganking/turing_work/3mod/projects/lunch_and_learn/lunch_and_learn_be/app/controllers/api/v1/air_quality_controller.rb": {
        "lines": [
          1,
          null,
          1,
          null,
          2,
          null,
          null,
          null,
          null,
          null
        ]
      },
      "/Users/cardiganking/turing_work/3mod/projects/lunch_and_learn/lunch_and_learn_be/app/controllers/application_controller.rb": {
        "lines": [
          1,
          1,
          1,
          null,
          null,
          null,
          null,
          null,
          null,
          1,
          1,
          null,
          null
        ]
      },
      "/Users/cardiganking/turing_work/3mod/projects/lunch_and_learn/lunch_and_learn_be/app/serializers/air_quality_serializer.rb": {
        "lines": [
          1,
          1,
          null,
          1,
          null,
          null,
          null,
          null
        ]
      },
      "/Users/cardiganking/turing_work/3mod/projects/lunch_and_learn/lunch_and_learn_be/app/controllers/api/v1/favorites_controller.rb": {
        "lines": [
          1,
          null,
          1,
          2,
          2,
          1,
          null,
          1,
          null,
          null,
          null,
          null,
          1,
          2,
          2,
          1,
          1,
          1,
          null,
          null,
          null,
          0,
          null,
          null,
          1,
          null,
          null,
          null,
          1,
          2,
          2,
          1,
          1,
          1,
          null,
          null,
          null,
          null,
          0,
          null,
          null,
          1,
          null,
          null,
          null,
          1,
          null,
          1,
          1,
          null,
          null,
          null,
          null
        ]
      },
      "/Users/cardiganking/turing_work/3mod/projects/lunch_and_learn/lunch_and_learn_be/app/serializers/error_serializer.rb": {
        "lines": [
          1,
          1,
          8,
          null,
          null,
          1,
          null,
          0,
          null,
          null,
          null,
          null,
          null,
          null,
          null,
          null
        ]
      },
      "/Users/cardiganking/turing_work/3mod/projects/lunch_and_learn/lunch_and_learn_be/app/serializers/favorite_serializer.rb": {
        "lines": [
          1,
          1,
          null,
          1,
          null,
          null,
          null,
          null,
          null
        ]
      },
      "/Users/cardiganking/turing_work/3mod/projects/lunch_and_learn/lunch_and_learn_be/app/controllers/api/v1/learning_resources_controller.rb": {
        "lines": [
          1,
          null,
          1,
          2,
          2,
          null,
          null,
          null
        ]
      },
      "/Users/cardiganking/turing_work/3mod/projects/lunch_and_learn/lunch_and_learn_be/app/serializers/learning_resource_serializer.rb": {
        "lines": [
          1,
          1,
          null,
          1,
          null,
          null,
          null
        ]
      },
      "/Users/cardiganking/turing_work/3mod/projects/lunch_and_learn/lunch_and_learn_be/app/controllers/api/v1/recipes_controller.rb": {
        "lines": [
          1,
          null,
          1,
          3,
          3,
          null,
          null,
          null,
          null
        ]
      },
      "/Users/cardiganking/turing_work/3mod/projects/lunch_and_learn/lunch_and_learn_be/app/serializers/recipe_serializer.rb": {
        "lines": [
          1,
          1,
          null,
          1,
          null,
          null,
          null,
          null,
          null
        ]
      },
      "/Users/cardiganking/turing_work/3mod/projects/lunch_and_learn/lunch_and_learn_be/app/controllers/api/v1/users_controller.rb": {
        "lines": [
          1,
          null,
          1,
          4,
          3,
          3,
          null,
          null,
          2,
          2,
          null,
          0,
          null,
          1,
          1,
          null,
          null,
          null,
          1,
          null,
          1,
          3,
          null,
          null,
          null
        ]
      },
      "/Users/cardiganking/turing_work/3mod/projects/lunch_and_learn/lunch_and_learn_be/app/serializers/user_serializer.rb": {
        "lines": [
          1,
          1,
          null,
          1,
          null,
          null,
          null
        ]
      },
      "/Users/cardiganking/turing_work/3mod/projects/lunch_and_learn/lunch_and_learn_be/app/controllers/api/v1/sessions_controller.rb": {
        "lines": [
          1,
          null,
          1,
          3,
          2,
          1,
          null,
          1,
          null,
          null,
          1,
          null,
          null,
          null
        ]
      }
    },
    "timestamp": 1709667130
  }
}
